build/app/outputs/mapping/release/mapping.txt
# compiler: R8
# compiler_version: 1.5.64
# min_api: 21
# pg_map_id: 2866928
rushilmakkar.ngouser.MainActivity -> rushilmakkar.ngouser.MainActivity:
    void configureFlutterEngine(io.flutter.embedding.engine.FlutterEngine) -> b
...
io.grpc.internal.PickSubchannelArgsImpl -> c.c.n1.q1:
    io.grpc.MethodDescriptor method -> c
    io.grpc.Metadata headers -> b
    io.grpc.CallOptions callOptions -> a
    io.grpc.CallOptions getCallOptions() -> a
    io.grpc.Metadata getHeaders() -> b
    io.grpc.MethodDescriptor getMethodDescriptor() -> c
io.grpc.internal.ProxyDetectorImpl -> c.c.n1.r1:
    java.net.InetSocketAddress overrideProxyAddress -> c
    io.grpc.internal.ProxyDetectorImpl$AuthenticationProvider authenticationProvider -> b
    java.util.logging.Logger log -> d
    io.grpc.internal.ProxyDetectorImpl$AuthenticationProvider DEFAULT_AUTHENTICATOR -> e
    com.google.common.base.Supplier proxySelector -> a
    com.google.common.base.Supplier DEFAULT_PROXY_SELECTOR -> f
    java.util.logging.Logger access$000() -> a
    io.grpc.ProxiedSocketAddress detectProxy(java.net.InetSocketAddress) -> a
    java.net.InetSocketAddress overrideProxy(java.lang.String) -> a
    io.grpc.ProxiedSocketAddress proxyFor(java.net.SocketAddress) -> a
io.grpc.internal.ProxyDetectorImpl$1 -> c.c.n1.r1$a:
    java.net.PasswordAuthentication requestPasswordAuthentication(java.lang.String,java.net.InetAddress,int,java.lang.String,java.lang.String,java.lang.String) -> a
io.grpc.internal.ProxyDetectorImpl$2 -> c.c.n1.r1$b:
io.grpc.internal.ProxyDetectorImpl$AuthenticationProvider -> c.c.n1.r1$c:
    java.net.PasswordAuthentication requestPasswordAuthentication(java.lang.String,java.net.InetAddress,int,java.lang.String,java.lang.String,java.lang.String) -> a
io.grpc.internal.ReadableBuffer -> c.c.n1.s1:
    io.grpc.internal.ReadableBuffer readBytes(int) -> a
    void readBytes(byte[],int,int) -> a
    int readableBytes() -> i
io.grpc.internal.ReadableBuffers -> c.c.n1.t1:
    io.grpc.internal.ReadableBuffer ignoreClose(io.grpc.internal.ReadableBuffer) -> a
    java.io.InputStream openStream(io.grpc.internal.ReadableBuffer,boolean) -> a
    java.lang.String readAsString(io.grpc.internal.ReadableBuffer,java.nio.charset.Charset) -> a
    io.grpc.internal.ReadableBuffer wrap(byte[],int,int) -> a
    byte[] readArray(io.grpc.internal.ReadableBuffer) -> b
io.grpc.internal.ReadableBuffers$1 -> c.c.n1.t1$a:
io.grpc.internal.ReadableBuffers$BufferInputStream -> c.c.n1.t1$b:
    io.grpc.internal.ReadableBuffer buffer -> a
io.grpc.internal.ReadableBuffers$ByteArrayWrapper -> c.c.n1.t1$c:
    int end -> b
    byte[] bytes -> c
    int offset -> a
    io.grpc.internal.ReadableBuffer readBytes(int) -> a
    io.grpc.internal.ReadableBuffers$ByteArrayWrapper readBytes(int) -> a
    void readBytes(byte[],int,int) -> a
    int readableBytes() -> i
io.grpc.internal.ReflectionLongAdderCounter -> c.c.n1.u1:
    java.lang.RuntimeException initializationException -> e
    java.lang.reflect.Method addMethod -> d
    java.lang.reflect.Constructor defaultConstructor -> c
    java.lang.Object instance -> a
    java.util.logging.Logger logger -> b
    void add(long) -> a
    boolean isAvailable() -> a